# JRE version: Java(TM) SE Runtime Environment (8.0_261-b12) (build 1.8.0_261-b12)
# Java VM: Java HotSpot(TM) 64-Bit Server VM (25.261-b12 mixed mode windows-amd64 compressed oops)
Heap:
 PSYoungGen      total 315392K, used 167247K [0x00000000d5b80000, 0x00000000ebe80000, 0x0000000100000000)
  eden space 314368K, 53% used [0x00000000d5b80000,0x00000000dfed3e08,0x00000000e8e80000)
  from space 1024K, 0% used [0x00000000ebd80000,0x00000000ebd80000,0x00000000ebe80000)
  to   space 14848K, 0% used [0x00000000ea180000,0x00000000ea180000,0x00000000eb000000)
 ParOldGen       total 51712K, used 15161K [0x0000000081200000, 0x0000000084480000, 0x00000000d5b80000)
  object space 51712K, 29% used [0x0000000081200000,0x00000000820ce7e8,0x0000000084480000)
 Metaspace       used 47029K, capacity 49672K, committed 49792K, reserved 1091584K
  class space    used 6563K, capacity 7030K, committed 7040K, reserved 1048576K
GC Heap History (10 events):
Event: 9.219 GC heap before
{Heap before GC invocations=9 (full 1):
 PSYoungGen      total 142336K, used 141898K [0x00000000d5b80000, 0x00000000e5c80000, 0x0000000100000000)
  eden space 131072K, 100% used [0x00000000d5b80000,0x00000000ddb80000,0x00000000ddb80000)
  from space 11264K, 96% used [0x00000000ddb80000,0x00000000de6128c0,0x00000000de680000)
  to   space 12800K, 0% used [0x00000000e5000000,0x00000000e5000000,0x00000000e5c80000)
 ParOldGen       total 51712K, used 10173K [0x0000000081200000, 0x0000000084480000, 0x00000000d5b80000)
  object space 51712K, 19% used [0x0000000081200000,0x0000000081bef480,0x0000000084480000)
 Metaspace       used 31709K, capacity 33564K, committed 33792K, reserved 1079296K
  class space    used 4209K, capacity 4572K, committed 4608K, reserved 1048576K
Event: 9.239 GC heap after
Heap after GC invocations=9 (full 1):
 PSYoungGen      total 245248K, used 10930K [0x00000000d5b80000, 0x00000000e5b00000, 0x0000000100000000)
  eden space 233984K, 0% used [0x00000000d5b80000,0x00000000d5b80000,0x00000000e4000000)
  from space 11264K, 97% used [0x00000000e5000000,0x00000000e5aac828,0x00000000e5b00000)
  to   space 13824K, 0% used [0x00000000e4000000,0x00000000e4000000,0x00000000e4d80000)
 ParOldGen       total 51712K, used 10181K [0x0000000081200000, 0x0000000084480000, 0x00000000d5b80000)
  object space 51712K, 19% used [0x0000000081200000,0x0000000081bf1480,0x0000000084480000)
 Metaspace       used 31709K, capacity 33564K, committed 33792K, reserved 1079296K
  class space    used 4209K, capacity 4572K, committed 4608K, reserved 1048576K
}
Event: 9.487 GC heap before
{Heap before GC invocations=10 (full 1):
 PSYoungGen      total 245248K, used 49861K [0x00000000d5b80000, 0x00000000e5b00000, 0x0000000100000000)
  eden space 233984K, 16% used [0x00000000d5b80000,0x00000000d8184db8,0x00000000e4000000)
  from space 11264K, 97% used [0x00000000e5000000,0x00000000e5aac828,0x00000000e5b00000)
  to   space 13824K, 0% used [0x00000000e4000000,0x00000000e4000000,0x00000000e4d80000)
 ParOldGen       total 51712K, used 10181K [0x0000000081200000, 0x0000000084480000, 0x00000000d5b80000)
  object space 51712K, 19% used [0x0000000081200000,0x0000000081bf1480,0x0000000084480000)
 Metaspace       used 33365K, capacity 35288K, committed 35456K, reserved 1079296K
  class space    used 4507K, capacity 4878K, committed 4992K, reserved 1048576K
Event: 9.505 GC heap after
Heap after GC invocations=10 (full 1):
 PSYoungGen      total 247808K, used 9908K [0x00000000d5b80000, 0x00000000ecb80000, 0x0000000100000000)
  eden space 233984K, 0% used [0x00000000d5b80000,0x00000000d5b80000,0x00000000e4000000)
  from space 13824K, 71% used [0x00000000e4000000,0x00000000e49ad028,0x00000000e4d80000)
  to   space 14336K, 0% used [0x00000000ebd80000,0x00000000ebd80000,0x00000000ecb80000)
 ParOldGen       total 51712K, used 10189K [0x0000000081200000, 0x0000000084480000, 0x00000000d5b80000)
  object space 51712K, 19% used [0x0000000081200000,0x0000000081bf3480,0x0000000084480000)
 Metaspace       used 33365K, capacity 35288K, committed 35456K, reserved 1079296K
  class space    used 4507K, capacity 4878K, committed 4992K, reserved 1048576K
}
Event: 9.505 GC heap before
{Heap before GC invocations=11 (full 2):
 PSYoungGen      total 247808K, used 9908K [0x00000000d5b80000, 0x00000000ecb80000, 0x0000000100000000)
  eden space 233984K, 0% used [0x00000000d5b80000,0x00000000d5b80000,0x00000000e4000000)
  from space 13824K, 71% used [0x00000000e4000000,0x00000000e49ad028,0x00000000e4d80000)
  to   space 14336K, 0% used [0x00000000ebd80000,0x00000000ebd80000,0x00000000ecb80000)
 ParOldGen       total 51712K, used 10189K [0x0000000081200000, 0x0000000084480000, 0x00000000d5b80000)
  object space 51712K, 19% used [0x0000000081200000,0x0000000081bf3480,0x0000000084480000)
 Metaspace       used 33365K, capacity 35288K, committed 35456K, reserved 1079296K
  class space    used 4507K, capacity 4878K, committed 4992K, reserved 1048576K
Event: 9.653 GC heap after
Heap after GC invocations=11 (full 2):
 PSYoungGen      total 247808K, used 0K [0x00000000d5b80000, 0x00000000ecb80000, 0x0000000100000000)
  eden space 233984K, 0% used [0x00000000d5b80000,0x00000000d5b80000,0x00000000e4000000)
  from space 13824K, 0% used [0x00000000e4000000,0x00000000e4000000,0x00000000e4d80000)
  to   space 14336K, 0% used [0x00000000ebd80000,0x00000000ebd80000,0x00000000ecb80000)
 ParOldGen       total 51712K, used 15945K [0x0000000081200000, 0x0000000084480000, 0x00000000d5b80000)
  object space 51712K, 30% used [0x0000000081200000,0x00000000821927a0,0x0000000084480000)
 Metaspace       used 33361K, capacity 35282K, committed 35456K, reserved 1079296K
  class space    used 4507K, capacity 4877K, committed 4992K, reserved 1048576K
}
Event: 9.729 GC heap before
{Heap before GC invocations=12 (full 2):
 PSYoungGen      total 247808K, used 7052K [0x00000000d5b80000, 0x00000000ecb80000, 0x0000000100000000)
  eden space 233984K, 3% used [0x00000000d5b80000,0x00000000d62631f8,0x00000000e4000000)
  from space 13824K, 0% used [0x00000000e4000000,0x00000000e4000000,0x00000000e4d80000)
  to   space 14336K, 0% used [0x00000000ebd80000,0x00000000ebd80000,0x00000000ecb80000)
 ParOldGen       total 51712K, used 15945K [0x0000000081200000, 0x0000000084480000, 0x00000000d5b80000)
  object space 51712K, 30% used [0x0000000081200000,0x00000000821927a0,0x0000000084480000)
 Metaspace       used 33752K, capacity 35644K, committed 35712K, reserved 1083392K
  class space    used 4612K, capacity 4976K, committed 4992K, reserved 1048576K
Event: 9.731 GC heap after
Heap after GC invocations=12 (full 2):
 PSYoungGen      total 315392K, used 752K [0x00000000d5b80000, 0x00000000ebe80000, 0x0000000100000000)
  eden space 314368K, 0% used [0x00000000d5b80000,0x00000000d5b80000,0x00000000e8e80000)
  from space 1024K, 73% used [0x00000000ebd80000,0x00000000ebe3c010,0x00000000ebe80000)
  to   space 14848K, 0% used [0x00000000ea180000,0x00000000ea180000,0x00000000eb000000)
 ParOldGen       total 51712K, used 15953K [0x0000000081200000, 0x0000000084480000, 0x00000000d5b80000)
  object space 51712K, 30% used [0x0000000081200000,0x00000000821947a0,0x0000000084480000)
 Metaspace       used 33752K, capacity 35644K, committed 35712K, reserved 1083392K
  class space    used 4612K, capacity 4976K, committed 4992K, reserved 1048576K
}
Event: 9.731 GC heap before
{Heap before GC invocations=13 (full 3):
 PSYoungGen      total 315392K, used 752K [0x00000000d5b80000, 0x00000000ebe80000, 0x0000000100000000)
  eden space 314368K, 0% used [0x00000000d5b80000,0x00000000d5b80000,0x00000000e8e80000)
  from space 1024K, 73% used [0x00000000ebd80000,0x00000000ebe3c010,0x00000000ebe80000)
  to   space 14848K, 0% used [0x00000000ea180000,0x00000000ea180000,0x00000000eb000000)
 ParOldGen       total 51712K, used 15953K [0x0000000081200000, 0x0000000084480000, 0x00000000d5b80000)
  object space 51712K, 30% used [0x0000000081200000,0x00000000821947a0,0x0000000084480000)
 Metaspace       used 33752K, capacity 35644K, committed 35712K, reserved 1083392K
  class space    used 4612K, capacity 4976K, committed 4992K, reserved 1048576K
Event: 9.996 GC heap after
Heap after GC invocations=13 (full 3):
 PSYoungGen      total 315392K, used 0K [0x00000000d5b80000, 0x00000000ebe80000, 0x0000000100000000)
  eden space 314368K, 0% used [0x00000000d5b80000,0x00000000d5b80000,0x00000000e8e80000)
  from space 1024K, 0% used [0x00000000ebd80000,0x00000000ebd80000,0x00000000ebe80000)
  to   space 14848K, 0% used [0x00000000ea180000,0x00000000ea180000,0x00000000eb000000)
 ParOldGen       total 51712K, used 15161K [0x0000000081200000, 0x0000000084480000, 0x00000000d5b80000)
  object space 51712K, 29% used [0x0000000081200000,0x00000000820ce7e8,0x0000000084480000)
 Metaspace       used 33752K, capacity 35644K, committed 35712K, reserved 1081344K
  class space    used 4612K, capacity 4976K, committed 4992K, reserved 1048576K
}

